Tue Apr 22 12:42:50 2025       
+-----------------------------------------------------------------------------------------+
| NVIDIA-SMI 570.124.06             Driver Version: 570.124.06     CUDA Version: 12.8     |
|-----------------------------------------+------------------------+----------------------+
| GPU  Name                 Persistence-M | Bus-Id          Disp.A | Volatile Uncorr. ECC |
| Fan  Temp   Perf          Pwr:Usage/Cap |           Memory-Usage | GPU-Util  Compute M. |
|                                         |                        |               MIG M. |
|=========================================+========================+======================|
|   0  Tesla V100-PCIE-32GB           On  |   00000000:58:00.0 Off |                    0 |
| N/A   30C    P0             26W /  250W |       1MiB /  32768MiB |      0%   E. Process |
|                                         |                        |                  N/A |
+-----------------------------------------+------------------------+----------------------+
                                                                                         
+-----------------------------------------------------------------------------------------+
| Processes:                                                                              |
|  GPU   GI   CI              PID   Type   Process name                        GPU Memory |
|        ID   ID                                                               Usage      |
|=========================================================================================|
|  No running processes found                                                             |
+-----------------------------------------------------------------------------------------+
Actor(
  (seq_encoder): GRU(442, 128, batch_first=True)
  (fc1): Linear(in_features=128, out_features=128, bias=True)
  (mu_layer): Linear(in_features=128, out_features=1, bias=True)
  (log_std_layer): Linear(in_features=128, out_features=1, bias=True)
)
CriticNetwork(
  (seq_encoder): GRU(442, 128, batch_first=True)
  (fc1): Linear(in_features=129, out_features=128, bias=True)
  (q_layer): Linear(in_features=128, out_features=1, bias=True)
)
Reset...
Spectral Corr: 0.24989088802917475
... saving models ...
episode  0 score 1072888.50 average score 1072888.50 best score 1072888.50 n_steps 297883
Reset...
Spectral Corr: 0.10640888001780502
episode  1 score 170454.79 average score 621671.64 best score 1072888.50 n_steps 150000
Reset...
Spectral Corr: 0.10640888001780502
episode  2 score 168045.76 average score 470463.01 best score 1072888.50 n_steps 150000
Reset...
Spectral Corr: 0.10640888001780495
episode  3 score 168276.71 average score 394916.44 best score 1072888.50 n_steps 150000
Reset...
