Thu Apr 24 10:57:47 2025       
+-----------------------------------------------------------------------------------------+
| NVIDIA-SMI 570.124.06             Driver Version: 570.124.06     CUDA Version: 12.8     |
|-----------------------------------------+------------------------+----------------------+
| GPU  Name                 Persistence-M | Bus-Id          Disp.A | Volatile Uncorr. ECC |
| Fan  Temp   Perf          Pwr:Usage/Cap |           Memory-Usage | GPU-Util  Compute M. |
|                                         |                        |               MIG M. |
|=========================================+========================+======================|
|   0  Tesla V100-SXM2-32GB           On  |   00000000:3B:00.0 Off |                    0 |
| N/A   40C    P0             44W /  300W |       1MiB /  32768MiB |      0%   E. Process |
|                                         |                        |                  N/A |
+-----------------------------------------+------------------------+----------------------+
                                                                                         
+-----------------------------------------------------------------------------------------+
| Processes:                                                                              |
|  GPU   GI   CI              PID   Type   Process name                        GPU Memory |
|        ID   ID                                                               Usage      |
|=========================================================================================|
|  No running processes found                                                             |
+-----------------------------------------------------------------------------------------+
DuelingDQN(
  (seq_encoder): GRU(442, 128, batch_first=True)
  (fc_v): Linear(in_features=128, out_features=128, bias=True)
  (fc_a): Linear(in_features=128, out_features=128, bias=True)
  (V): Linear(in_features=128, out_features=1, bias=True)
  (A): Linear(in_features=128, out_features=3, bias=True)
)
Reset...
... saving checkpoint ...
... saving checkpoint ...
episode  0 score 603702.09 average score 603702.09 best score 603702.09 n_steps 339999
Reset...
episode  1 score 602756.92 average score 603229.51 best score 603702.09 n_steps 339999
Reset...
episode  2 score 597473.38 average score 601310.80 best score 603702.09 n_steps 339999
Reset...
episode  3 score 599757.98 average score 600922.59 best score 603702.09 n_steps 339999
Reset...
episode  4 score 596427.83 average score 600023.64 best score 603702.09 n_steps 339999
Reset...
Spectral Corr: 0.10640888001780503
episode  5 score 242655.59 average score 527814.34 best score 603702.09 n_steps 150000
Reset...
