Sat Apr 19 10:04:42 2025       
+-----------------------------------------------------------------------------------------+
| NVIDIA-SMI 570.124.06             Driver Version: 570.124.06     CUDA Version: 12.8     |
|-----------------------------------------+------------------------+----------------------+
| GPU  Name                 Persistence-M | Bus-Id          Disp.A | Volatile Uncorr. ECC |
| Fan  Temp   Perf          Pwr:Usage/Cap |           Memory-Usage | GPU-Util  Compute M. |
|                                         |                        |               MIG M. |
|=========================================+========================+======================|
|   0  Tesla V100-PCIE-32GB           On  |   00000000:58:00.0 Off |                    0 |
| N/A   27C    P0             24W /  250W |       1MiB /  32768MiB |      0%   E. Process |
|                                         |                        |                  N/A |
+-----------------------------------------+------------------------+----------------------+
                                                                                         
+-----------------------------------------------------------------------------------------+
| Processes:                                                                              |
|  GPU   GI   CI              PID   Type   Process name                        GPU Memory |
|        ID   ID                                                               Usage      |
|=========================================================================================|
|  No running processes found                                                             |
+-----------------------------------------------------------------------------------------+
Actor(
  (seq_encoder): GRU(442, 128, batch_first=True)
  (fc1): Linear(in_features=128, out_features=128, bias=True)
  (mu_layer): Linear(in_features=128, out_features=1, bias=True)
  (log_std_layer): Linear(in_features=128, out_features=1, bias=True)
)
CriticNetwork(
  (seq_encoder): GRU(442, 128, batch_first=True)
  (fc1): Linear(in_features=129, out_features=128, bias=True)
  (q_layer): Linear(in_features=128, out_features=1, bias=True)
)
Reset...
